{
  "stats": {
    "suites": 1,
    "tests": 1,
    "passes": 1,
    "pending": 0,
    "failures": 0,
    "start": "2022-09-12T05:18:48.100Z",
    "end": "2022-09-12T05:18:54.619Z",
    "duration": 6519,
    "testsRegistered": 1,
    "passPercent": 100,
    "pendingPercent": 0,
    "other": 0,
    "hasOther": false,
    "skipped": 0,
    "hasSkipped": false
  },
  "results": [
    {
      "uuid": "da4e4c32-7542-446d-8042-d024d30e8d22",
      "title": "",
      "fullFile": "cypress\\integration\\examples\\TC05_Hovers.js",
      "file": "cypress\\integration\\examples\\TC05_Hovers.js",
      "beforeHooks": [],
      "afterHooks": [],
      "tests": [],
      "suites": [
        {
          "uuid": "f7a06432-9b1d-4155-85fd-0d5ec16991e2",
          "title": "5th Test Suite",
          "fullFile": "",
          "file": "",
          "beforeHooks": [],
          "afterHooks": [],
          "tests": [
            {
              "title": "Pop-up Test Case",
              "fullTitle": "5th Test Suite Pop-up Test Case",
              "timedOut": null,
              "duration": 3839,
              "state": "passed",
              "speed": "fast",
              "pass": true,
              "fail": false,
              "pending": false,
              "context": null,
              "code": "const homePage = new _HomePage.default();\nconst hoversPage = new _HoversPage.default();\ncy.visit(Cypress.env('url'));\nhomePage.getFormAuthenticationLink().contains('Hovers').click();\nhoversPage.getHiddenElement1().invoke('show');\nhoversPage.getViewProfile1().click();\ncy.url().should('include', 'users/1');",
              "err": {},
              "uuid": "0a59710a-66f2-4c45-afde-2e637e0b0253",
              "parentUUID": "f7a06432-9b1d-4155-85fd-0d5ec16991e2",
              "isHook": false,
              "skipped": false
            }
          ],
          "suites": [],
          "passes": [
            "0a59710a-66f2-4c45-afde-2e637e0b0253"
          ],
          "failures": [],
          "pending": [],
          "skipped": [],
          "duration": 3839,
          "root": false,
          "rootEmpty": false,
          "_timeout": 2000
        }
      ],
      "passes": [],
      "failures": [],
      "pending": [],
      "skipped": [],
      "duration": 0,
      "root": true,
      "rootEmpty": true,
      "_timeout": 2000
    }
  ],
  "meta": {
    "mocha": {
      "version": "7.0.1"
    },
    "mochawesome": {
      "options": {
        "quiet": false,
        "reportFilename": "mochawesome",
        "saveHtml": true,
        "saveJson": true,
        "consoleReporter": "spec",
        "useInlineDiffs": false,
        "code": true
      },
      "version": "7.1.3"
    },
    "marge": {
      "options": null,
      "version": "6.2.0"
    }
  }
}